04-May-2025 00:48:38.474 SEVERE [Thread-2] org.apache.catalina.core.ApplicationContext.log Servlet [org.example.jaxrs.HelloApplication] threw unload() exception
	jakarta.servlet.ServletException: Servlet.destroy() for servlet [org.example.jaxrs.HelloApplication] threw exception
		at org.apache.catalina.core.StandardWrapper.unload(StandardWrapper.java:968)
		at org.apache.catalina.core.StandardWrapper.stopInternal(StandardWrapper.java:1214)
		at org.apache.catalina.util.LifecycleBase.stop(LifecycleBase.java:231)
		at org.apache.catalina.core.StandardContext.stopInternal(StandardContext.java:4636)
		at org.apache.catalina.util.LifecycleBase.stop(LifecycleBase.java:231)
		at org.apache.catalina.core.ContainerBase$StopChild.call(ContainerBase.java:1219)
		at org.apache.catalina.core.ContainerBase$StopChild.call(ContainerBase.java:1208)
		at java.base/java.util.concurrent.FutureTask.run(FutureTask.java:317)
		at org.apache.tomcat.util.threads.InlineExecutorService.execute(InlineExecutorService.java:75)
		at java.base/java.util.concurrent.AbstractExecutorService.submit(AbstractExecutorService.java:145)
		at org.apache.catalina.core.ContainerBase.stopInternal(ContainerBase.java:814)
		at org.apache.catalina.util.LifecycleBase.stop(LifecycleBase.java:231)
		at org.apache.catalina.core.ContainerBase$StopChild.call(ContainerBase.java:1219)
		at org.apache.catalina.core.ContainerBase$StopChild.call(ContainerBase.java:1208)
		at java.base/java.util.concurrent.FutureTask.run(FutureTask.java:317)
		at org.apache.tomcat.util.threads.InlineExecutorService.execute(InlineExecutorService.java:75)
		at java.base/java.util.concurrent.AbstractExecutorService.submit(AbstractExecutorService.java:145)
		at org.apache.catalina.core.ContainerBase.stopInternal(ContainerBase.java:814)
		at org.apache.catalina.util.LifecycleBase.stop(LifecycleBase.java:231)
		at org.apache.catalina.core.StandardService.stopInternal(StandardService.java:471)
		at org.apache.catalina.util.LifecycleBase.stop(LifecycleBase.java:231)
		at org.apache.catalina.core.StandardServer.stopInternal(StandardServer.java:915)
		at org.apache.catalina.util.LifecycleBase.stop(LifecycleBase.java:231)
		at org.apache.catalina.startup.Catalina.stop(Catalina.java:832)
		at org.apache.catalina.startup.Catalina$CatalinaShutdownHook.run(Catalina.java:969)
	Caused by: java.lang.IllegalStateException: WELD-ENV-002002: Weld SE container 836b6534-d216-46f2-9711-465b3922fcfe was already shut down
		at org.jboss.weld.environment.se.WeldContainer.checkIsRunning(WeldContainer.java:392)
		at org.jboss.weld.environment.se.WeldContainer.checkState(WeldContainer.java:376)
		at org.jboss.weld.AbstractCDI.instanceInternal(AbstractCDI.java:173)
		at org.jboss.weld.AbstractCDI.destroy(AbstractCDI.java:114)
		at org.glassfish.jersey.inject.cdi.se.CdiSeInjectionManager.preDestroy(CdiSeInjectionManager.java:251)
		at org.glassfish.jersey.model.internal.ManagedObjectsFinalizer.preDestroy(ManagedObjectsFinalizer.java:70)
		at org.glassfish.jersey.server.ApplicationHandler.onShutdown(ApplicationHandler.java:755)
		at org.glassfish.jersey.servlet.ServletContainer.destroy(ServletContainer.java:333)
		at org.apache.catalina.core.StandardWrapper.unload(StandardWrapper.java:960)
		... 24 more
04-May-2025 00:51:26.207 SEVERE [Thread-2] org.apache.catalina.core.ApplicationContext.log Servlet [org.example.jaxrs.HelloApplication] threw unload() exception
	jakarta.servlet.ServletException: Servlet.destroy() for servlet [org.example.jaxrs.HelloApplication] threw exception
		at org.apache.catalina.core.StandardWrapper.unload(StandardWrapper.java:968)
		at org.apache.catalina.core.StandardWrapper.stopInternal(StandardWrapper.java:1214)
		at org.apache.catalina.util.LifecycleBase.stop(LifecycleBase.java:231)
		at org.apache.catalina.core.StandardContext.stopInternal(StandardContext.java:4636)
		at org.apache.catalina.util.LifecycleBase.stop(LifecycleBase.java:231)
		at org.apache.catalina.core.ContainerBase$StopChild.call(ContainerBase.java:1219)
		at org.apache.catalina.core.ContainerBase$StopChild.call(ContainerBase.java:1208)
		at java.base/java.util.concurrent.FutureTask.run(FutureTask.java:317)
		at org.apache.tomcat.util.threads.InlineExecutorService.execute(InlineExecutorService.java:75)
		at java.base/java.util.concurrent.AbstractExecutorService.submit(AbstractExecutorService.java:145)
		at org.apache.catalina.core.ContainerBase.stopInternal(ContainerBase.java:814)
		at org.apache.catalina.util.LifecycleBase.stop(LifecycleBase.java:231)
		at org.apache.catalina.core.ContainerBase$StopChild.call(ContainerBase.java:1219)
		at org.apache.catalina.core.ContainerBase$StopChild.call(ContainerBase.java:1208)
		at java.base/java.util.concurrent.FutureTask.run(FutureTask.java:317)
		at org.apache.tomcat.util.threads.InlineExecutorService.execute(InlineExecutorService.java:75)
		at java.base/java.util.concurrent.AbstractExecutorService.submit(AbstractExecutorService.java:145)
		at org.apache.catalina.core.ContainerBase.stopInternal(ContainerBase.java:814)
		at org.apache.catalina.util.LifecycleBase.stop(LifecycleBase.java:231)
		at org.apache.catalina.core.StandardService.stopInternal(StandardService.java:471)
		at org.apache.catalina.util.LifecycleBase.stop(LifecycleBase.java:231)
		at org.apache.catalina.core.StandardServer.stopInternal(StandardServer.java:915)
		at org.apache.catalina.util.LifecycleBase.stop(LifecycleBase.java:231)
		at org.apache.catalina.startup.Catalina.stop(Catalina.java:832)
		at org.apache.catalina.startup.Catalina$CatalinaShutdownHook.run(Catalina.java:969)
	Caused by: java.lang.IllegalStateException: WELD-ENV-002002: Weld SE container f30df66a-8fa3-4164-befa-f50e33a389ea was already shut down
		at org.jboss.weld.environment.se.WeldContainer.checkIsRunning(WeldContainer.java:392)
		at org.jboss.weld.environment.se.WeldContainer.checkState(WeldContainer.java:376)
		at org.jboss.weld.AbstractCDI.instanceInternal(AbstractCDI.java:173)
		at org.jboss.weld.AbstractCDI.destroy(AbstractCDI.java:114)
		at org.glassfish.jersey.inject.cdi.se.CdiSeInjectionManager.preDestroy(CdiSeInjectionManager.java:251)
		at org.glassfish.jersey.model.internal.ManagedObjectsFinalizer.preDestroy(ManagedObjectsFinalizer.java:70)
		at org.glassfish.jersey.server.ApplicationHandler.onShutdown(ApplicationHandler.java:755)
		at org.glassfish.jersey.servlet.ServletContainer.destroy(ServletContainer.java:333)
		at org.apache.catalina.core.StandardWrapper.unload(StandardWrapper.java:960)
		... 24 more
04-May-2025 00:53:51.292 SEVERE [Thread-2] org.apache.catalina.core.ApplicationContext.log Servlet [org.example.jaxrs.HelloApplication] threw unload() exception
	jakarta.servlet.ServletException: Servlet.destroy() for servlet [org.example.jaxrs.HelloApplication] threw exception
		at org.apache.catalina.core.StandardWrapper.unload(StandardWrapper.java:968)
		at org.apache.catalina.core.StandardWrapper.stopInternal(StandardWrapper.java:1214)
		at org.apache.catalina.util.LifecycleBase.stop(LifecycleBase.java:231)
		at org.apache.catalina.core.StandardContext.stopInternal(StandardContext.java:4636)
		at org.apache.catalina.util.LifecycleBase.stop(LifecycleBase.java:231)
		at org.apache.catalina.core.ContainerBase$StopChild.call(ContainerBase.java:1219)
		at org.apache.catalina.core.ContainerBase$StopChild.call(ContainerBase.java:1208)
		at java.base/java.util.concurrent.FutureTask.run(FutureTask.java:317)
		at org.apache.tomcat.util.threads.InlineExecutorService.execute(InlineExecutorService.java:75)
		at java.base/java.util.concurrent.AbstractExecutorService.submit(AbstractExecutorService.java:145)
		at org.apache.catalina.core.ContainerBase.stopInternal(ContainerBase.java:814)
		at org.apache.catalina.util.LifecycleBase.stop(LifecycleBase.java:231)
		at org.apache.catalina.core.ContainerBase$StopChild.call(ContainerBase.java:1219)
		at org.apache.catalina.core.ContainerBase$StopChild.call(ContainerBase.java:1208)
		at java.base/java.util.concurrent.FutureTask.run(FutureTask.java:317)
		at org.apache.tomcat.util.threads.InlineExecutorService.execute(InlineExecutorService.java:75)
		at java.base/java.util.concurrent.AbstractExecutorService.submit(AbstractExecutorService.java:145)
		at org.apache.catalina.core.ContainerBase.stopInternal(ContainerBase.java:814)
		at org.apache.catalina.util.LifecycleBase.stop(LifecycleBase.java:231)
		at org.apache.catalina.core.StandardService.stopInternal(StandardService.java:471)
		at org.apache.catalina.util.LifecycleBase.stop(LifecycleBase.java:231)
		at org.apache.catalina.core.StandardServer.stopInternal(StandardServer.java:915)
		at org.apache.catalina.util.LifecycleBase.stop(LifecycleBase.java:231)
		at org.apache.catalina.startup.Catalina.stop(Catalina.java:832)
		at org.apache.catalina.startup.Catalina$CatalinaShutdownHook.run(Catalina.java:969)
	Caused by: java.lang.IllegalStateException: Singleton not set for d8f4a6df-237f-4872-a9b0-222706ad5880 => []
		at org.jboss.weld.bootstrap.api.helpers.RegistrySingletonProvider$RegistrySingleton.get(RegistrySingletonProvider.java:31)
		at org.jboss.weld.Container.instance(Container.java:65)
		at org.jboss.weld.environment.se.WeldContainer.checkDeploymentValidated(WeldContainer.java:380)
		at org.jboss.weld.environment.se.WeldContainer.checkState(WeldContainer.java:375)
		at org.jboss.weld.AbstractCDI.instanceInternal(AbstractCDI.java:173)
		at org.jboss.weld.AbstractCDI.destroy(AbstractCDI.java:114)
		at org.glassfish.jersey.inject.cdi.se.CdiSeInjectionManager.preDestroy(CdiSeInjectionManager.java:251)
		at org.glassfish.jersey.model.internal.ManagedObjectsFinalizer.preDestroy(ManagedObjectsFinalizer.java:70)
		at org.glassfish.jersey.server.ApplicationHandler.onShutdown(ApplicationHandler.java:755)
		at org.glassfish.jersey.servlet.ServletContainer.destroy(ServletContainer.java:333)
		at org.apache.catalina.core.StandardWrapper.unload(StandardWrapper.java:960)
		... 24 more
04-May-2025 01:14:54.991 SEVERE [Thread-2] org.apache.catalina.core.ApplicationContext.log Servlet [org.example.jaxrs.HelloApplication] threw unload() exception
	jakarta.servlet.ServletException: Servlet.destroy() for servlet [org.example.jaxrs.HelloApplication] threw exception
		at org.apache.catalina.core.StandardWrapper.unload(StandardWrapper.java:968)
		at org.apache.catalina.core.StandardWrapper.stopInternal(StandardWrapper.java:1214)
		at org.apache.catalina.util.LifecycleBase.stop(LifecycleBase.java:231)
		at org.apache.catalina.core.StandardContext.stopInternal(StandardContext.java:4636)
		at org.apache.catalina.util.LifecycleBase.stop(LifecycleBase.java:231)
		at org.apache.catalina.core.ContainerBase$StopChild.call(ContainerBase.java:1219)
		at org.apache.catalina.core.ContainerBase$StopChild.call(ContainerBase.java:1208)
		at java.base/java.util.concurrent.FutureTask.run(FutureTask.java:317)
		at org.apache.tomcat.util.threads.InlineExecutorService.execute(InlineExecutorService.java:75)
		at java.base/java.util.concurrent.AbstractExecutorService.submit(AbstractExecutorService.java:145)
		at org.apache.catalina.core.ContainerBase.stopInternal(ContainerBase.java:814)
		at org.apache.catalina.util.LifecycleBase.stop(LifecycleBase.java:231)
		at org.apache.catalina.core.ContainerBase$StopChild.call(ContainerBase.java:1219)
		at org.apache.catalina.core.ContainerBase$StopChild.call(ContainerBase.java:1208)
		at java.base/java.util.concurrent.FutureTask.run(FutureTask.java:317)
		at org.apache.tomcat.util.threads.InlineExecutorService.execute(InlineExecutorService.java:75)
		at java.base/java.util.concurrent.AbstractExecutorService.submit(AbstractExecutorService.java:145)
		at org.apache.catalina.core.ContainerBase.stopInternal(ContainerBase.java:814)
		at org.apache.catalina.util.LifecycleBase.stop(LifecycleBase.java:231)
		at org.apache.catalina.core.StandardService.stopInternal(StandardService.java:471)
		at org.apache.catalina.util.LifecycleBase.stop(LifecycleBase.java:231)
		at org.apache.catalina.core.StandardServer.stopInternal(StandardServer.java:915)
		at org.apache.catalina.util.LifecycleBase.stop(LifecycleBase.java:231)
		at org.apache.catalina.startup.Catalina.stop(Catalina.java:832)
		at org.apache.catalina.startup.Catalina$CatalinaShutdownHook.run(Catalina.java:969)
	Caused by: java.lang.IllegalStateException: Singleton not set for 54b36e19-6b66-4760-b2eb-9ec5b995ab48 => []
		at org.jboss.weld.bootstrap.api.helpers.RegistrySingletonProvider$RegistrySingleton.get(RegistrySingletonProvider.java:31)
		at org.jboss.weld.Container.instance(Container.java:65)
		at org.jboss.weld.environment.se.WeldContainer.checkDeploymentValidated(WeldContainer.java:380)
		at org.jboss.weld.environment.se.WeldContainer.checkState(WeldContainer.java:375)
		at org.jboss.weld.AbstractCDI.instanceInternal(AbstractCDI.java:173)
		at org.jboss.weld.AbstractCDI.destroy(AbstractCDI.java:114)
		at org.glassfish.jersey.inject.cdi.se.CdiSeInjectionManager.preDestroy(CdiSeInjectionManager.java:251)
		at org.glassfish.jersey.model.internal.ManagedObjectsFinalizer.preDestroy(ManagedObjectsFinalizer.java:70)
		at org.glassfish.jersey.server.ApplicationHandler.onShutdown(ApplicationHandler.java:755)
		at org.glassfish.jersey.servlet.ServletContainer.destroy(ServletContainer.java:333)
		at org.apache.catalina.core.StandardWrapper.unload(StandardWrapper.java:960)
		... 24 more
04-May-2025 01:15:33.601 SEVERE [Thread-2] org.apache.catalina.core.ApplicationContext.log Servlet [org.example.jaxrs.HelloApplication] threw unload() exception
	jakarta.servlet.ServletException: Servlet.destroy() for servlet [org.example.jaxrs.HelloApplication] threw exception
		at org.apache.catalina.core.StandardWrapper.unload(StandardWrapper.java:968)
		at org.apache.catalina.core.StandardWrapper.stopInternal(StandardWrapper.java:1214)
		at org.apache.catalina.util.LifecycleBase.stop(LifecycleBase.java:231)
		at org.apache.catalina.core.StandardContext.stopInternal(StandardContext.java:4636)
		at org.apache.catalina.util.LifecycleBase.stop(LifecycleBase.java:231)
		at org.apache.catalina.core.ContainerBase$StopChild.call(ContainerBase.java:1219)
		at org.apache.catalina.core.ContainerBase$StopChild.call(ContainerBase.java:1208)
		at java.base/java.util.concurrent.FutureTask.run(FutureTask.java:317)
		at org.apache.tomcat.util.threads.InlineExecutorService.execute(InlineExecutorService.java:75)
		at java.base/java.util.concurrent.AbstractExecutorService.submit(AbstractExecutorService.java:145)
		at org.apache.catalina.core.ContainerBase.stopInternal(ContainerBase.java:814)
		at org.apache.catalina.util.LifecycleBase.stop(LifecycleBase.java:231)
		at org.apache.catalina.core.ContainerBase$StopChild.call(ContainerBase.java:1219)
		at org.apache.catalina.core.ContainerBase$StopChild.call(ContainerBase.java:1208)
		at java.base/java.util.concurrent.FutureTask.run(FutureTask.java:317)
		at org.apache.tomcat.util.threads.InlineExecutorService.execute(InlineExecutorService.java:75)
		at java.base/java.util.concurrent.AbstractExecutorService.submit(AbstractExecutorService.java:145)
		at org.apache.catalina.core.ContainerBase.stopInternal(ContainerBase.java:814)
		at org.apache.catalina.util.LifecycleBase.stop(LifecycleBase.java:231)
		at org.apache.catalina.core.StandardService.stopInternal(StandardService.java:471)
		at org.apache.catalina.util.LifecycleBase.stop(LifecycleBase.java:231)
		at org.apache.catalina.core.StandardServer.stopInternal(StandardServer.java:915)
		at org.apache.catalina.util.LifecycleBase.stop(LifecycleBase.java:231)
		at org.apache.catalina.startup.Catalina.stop(Catalina.java:832)
		at org.apache.catalina.startup.Catalina$CatalinaShutdownHook.run(Catalina.java:969)
	Caused by: java.lang.IllegalStateException: Singleton not set for 84ee28a1-ee78-45db-88e2-d5801879f6d1 => []
		at org.jboss.weld.bootstrap.api.helpers.RegistrySingletonProvider$RegistrySingleton.get(RegistrySingletonProvider.java:31)
		at org.jboss.weld.Container.instance(Container.java:65)
		at org.jboss.weld.environment.se.WeldContainer.checkDeploymentValidated(WeldContainer.java:380)
		at org.jboss.weld.environment.se.WeldContainer.checkState(WeldContainer.java:375)
		at org.jboss.weld.AbstractCDI.instanceInternal(AbstractCDI.java:173)
		at org.jboss.weld.AbstractCDI.destroy(AbstractCDI.java:114)
		at org.glassfish.jersey.inject.cdi.se.CdiSeInjectionManager.preDestroy(CdiSeInjectionManager.java:251)
		at org.glassfish.jersey.model.internal.ManagedObjectsFinalizer.preDestroy(ManagedObjectsFinalizer.java:70)
		at org.glassfish.jersey.server.ApplicationHandler.onShutdown(ApplicationHandler.java:755)
		at org.glassfish.jersey.servlet.ServletContainer.destroy(ServletContainer.java:333)
		at org.apache.catalina.core.StandardWrapper.unload(StandardWrapper.java:960)
		... 24 more
04-May-2025 01:16:00.428 SEVERE [Thread-2] org.apache.catalina.core.ApplicationContext.log Servlet [org.example.jaxrs.HelloApplication] threw unload() exception
	jakarta.servlet.ServletException: Servlet.destroy() for servlet [org.example.jaxrs.HelloApplication] threw exception
		at org.apache.catalina.core.StandardWrapper.unload(StandardWrapper.java:968)
		at org.apache.catalina.core.StandardWrapper.stopInternal(StandardWrapper.java:1214)
		at org.apache.catalina.util.LifecycleBase.stop(LifecycleBase.java:231)
		at org.apache.catalina.core.StandardContext.stopInternal(StandardContext.java:4636)
		at org.apache.catalina.util.LifecycleBase.stop(LifecycleBase.java:231)
		at org.apache.catalina.core.ContainerBase$StopChild.call(ContainerBase.java:1219)
		at org.apache.catalina.core.ContainerBase$StopChild.call(ContainerBase.java:1208)
		at java.base/java.util.concurrent.FutureTask.run(FutureTask.java:317)
		at org.apache.tomcat.util.threads.InlineExecutorService.execute(InlineExecutorService.java:75)
		at java.base/java.util.concurrent.AbstractExecutorService.submit(AbstractExecutorService.java:145)
		at org.apache.catalina.core.ContainerBase.stopInternal(ContainerBase.java:814)
		at org.apache.catalina.util.LifecycleBase.stop(LifecycleBase.java:231)
		at org.apache.catalina.core.ContainerBase$StopChild.call(ContainerBase.java:1219)
		at org.apache.catalina.core.ContainerBase$StopChild.call(ContainerBase.java:1208)
		at java.base/java.util.concurrent.FutureTask.run(FutureTask.java:317)
		at org.apache.tomcat.util.threads.InlineExecutorService.execute(InlineExecutorService.java:75)
		at java.base/java.util.concurrent.AbstractExecutorService.submit(AbstractExecutorService.java:145)
		at org.apache.catalina.core.ContainerBase.stopInternal(ContainerBase.java:814)
		at org.apache.catalina.util.LifecycleBase.stop(LifecycleBase.java:231)
		at org.apache.catalina.core.StandardService.stopInternal(StandardService.java:471)
		at org.apache.catalina.util.LifecycleBase.stop(LifecycleBase.java:231)
		at org.apache.catalina.core.StandardServer.stopInternal(StandardServer.java:915)
		at org.apache.catalina.util.LifecycleBase.stop(LifecycleBase.java:231)
		at org.apache.catalina.startup.Catalina.stop(Catalina.java:832)
		at org.apache.catalina.startup.Catalina$CatalinaShutdownHook.run(Catalina.java:969)
	Caused by: java.lang.IllegalStateException: Singleton not set for 60d44de4-a1a3-4468-aab7-17fa43a42b40 => []
		at org.jboss.weld.bootstrap.api.helpers.RegistrySingletonProvider$RegistrySingleton.get(RegistrySingletonProvider.java:31)
		at org.jboss.weld.Container.instance(Container.java:65)
		at org.jboss.weld.environment.se.WeldContainer.checkDeploymentValidated(WeldContainer.java:380)
		at org.jboss.weld.environment.se.WeldContainer.checkState(WeldContainer.java:375)
		at org.jboss.weld.AbstractCDI.instanceInternal(AbstractCDI.java:173)
		at org.jboss.weld.AbstractCDI.destroy(AbstractCDI.java:114)
		at org.glassfish.jersey.inject.cdi.se.CdiSeInjectionManager.preDestroy(CdiSeInjectionManager.java:251)
		at org.glassfish.jersey.model.internal.ManagedObjectsFinalizer.preDestroy(ManagedObjectsFinalizer.java:70)
		at org.glassfish.jersey.server.ApplicationHandler.onShutdown(ApplicationHandler.java:755)
		at org.glassfish.jersey.servlet.ServletContainer.destroy(ServletContainer.java:333)
		at org.apache.catalina.core.StandardWrapper.unload(StandardWrapper.java:960)
		... 24 more
04-May-2025 01:16:10.815 SEVERE [Thread-2] org.apache.catalina.core.ApplicationContext.log Servlet [org.example.jaxrs.HelloApplication] threw unload() exception
	jakarta.servlet.ServletException: Servlet.destroy() for servlet [org.example.jaxrs.HelloApplication] threw exception
		at org.apache.catalina.core.StandardWrapper.unload(StandardWrapper.java:968)
		at org.apache.catalina.core.StandardWrapper.stopInternal(StandardWrapper.java:1214)
		at org.apache.catalina.util.LifecycleBase.stop(LifecycleBase.java:231)
		at org.apache.catalina.core.StandardContext.stopInternal(StandardContext.java:4636)
		at org.apache.catalina.util.LifecycleBase.stop(LifecycleBase.java:231)
		at org.apache.catalina.core.ContainerBase$StopChild.call(ContainerBase.java:1219)
		at org.apache.catalina.core.ContainerBase$StopChild.call(ContainerBase.java:1208)
		at java.base/java.util.concurrent.FutureTask.run(FutureTask.java:317)
		at org.apache.tomcat.util.threads.InlineExecutorService.execute(InlineExecutorService.java:75)
		at java.base/java.util.concurrent.AbstractExecutorService.submit(AbstractExecutorService.java:145)
		at org.apache.catalina.core.ContainerBase.stopInternal(ContainerBase.java:814)
		at org.apache.catalina.util.LifecycleBase.stop(LifecycleBase.java:231)
		at org.apache.catalina.core.ContainerBase$StopChild.call(ContainerBase.java:1219)
		at org.apache.catalina.core.ContainerBase$StopChild.call(ContainerBase.java:1208)
		at java.base/java.util.concurrent.FutureTask.run(FutureTask.java:317)
		at org.apache.tomcat.util.threads.InlineExecutorService.execute(InlineExecutorService.java:75)
		at java.base/java.util.concurrent.AbstractExecutorService.submit(AbstractExecutorService.java:145)
		at org.apache.catalina.core.ContainerBase.stopInternal(ContainerBase.java:814)
		at org.apache.catalina.util.LifecycleBase.stop(LifecycleBase.java:231)
		at org.apache.catalina.core.StandardService.stopInternal(StandardService.java:471)
		at org.apache.catalina.util.LifecycleBase.stop(LifecycleBase.java:231)
		at org.apache.catalina.core.StandardServer.stopInternal(StandardServer.java:915)
		at org.apache.catalina.util.LifecycleBase.stop(LifecycleBase.java:231)
		at org.apache.catalina.startup.Catalina.stop(Catalina.java:832)
		at org.apache.catalina.startup.Catalina$CatalinaShutdownHook.run(Catalina.java:969)
	Caused by: java.lang.IllegalStateException: WELD-ENV-002002: Weld SE container 3390a6dd-c551-4567-825c-ea11f387d038 was already shut down
		at org.jboss.weld.environment.se.WeldContainer.checkIsRunning(WeldContainer.java:392)
		at org.jboss.weld.environment.se.WeldContainer.checkState(WeldContainer.java:376)
		at org.jboss.weld.AbstractCDI.instanceInternal(AbstractCDI.java:173)
		at org.jboss.weld.AbstractCDI.destroy(AbstractCDI.java:114)
		at org.glassfish.jersey.inject.cdi.se.CdiSeInjectionManager.preDestroy(CdiSeInjectionManager.java:251)
		at org.glassfish.jersey.model.internal.ManagedObjectsFinalizer.preDestroy(ManagedObjectsFinalizer.java:70)
		at org.glassfish.jersey.server.ApplicationHandler.onShutdown(ApplicationHandler.java:755)
		at org.glassfish.jersey.servlet.ServletContainer.destroy(ServletContainer.java:333)
		at org.apache.catalina.core.StandardWrapper.unload(StandardWrapper.java:960)
		... 24 more
04-May-2025 01:16:21.234 SEVERE [http-nio-8080-exec-2] org.apache.catalina.core.StandardWrapperValve.invoke Servlet.service() for servlet [org.example.jaxrs.HelloApplication] in context with path [/Jaxrs] threw exception [org.glassfish.jersey.server.ContainerException: java.lang.NoClassDefFoundError: com/fasterxml/jackson/module/jaxb/JaxbAnnotationIntrospector] with root cause
	java.lang.ClassNotFoundException: com.fasterxml.jackson.module.jaxb.JaxbAnnotationIntrospector
		at org.apache.catalina.loader.WebappClassLoaderBase.loadClass(WebappClassLoaderBase.java:1332)
		at org.apache.catalina.loader.WebappClassLoaderBase.loadClass(WebappClassLoaderBase.java:1144)
		at org.glassfish.jersey.jackson.internal.jackson.jaxrs.json.JsonMapperConfigurator._resolveIntrospector(JsonMapperConfigurator.java:111)
		at org.glassfish.jersey.jackson.internal.jackson.jaxrs.json.JsonMapperConfigurator._resolveIntrospectors(JsonMapperConfigurator.java:86)
		at org.glassfish.jersey.jackson.internal.jackson.jaxrs.cfg.MapperConfiguratorBase._setAnnotations(MapperConfiguratorBase.java:123)
		at org.glassfish.jersey.jackson.internal.jackson.jaxrs.json.JsonMapperConfigurator.getDefaultMapper(JsonMapperConfigurator.java:47)
		at org.glassfish.jersey.jackson.internal.jackson.jaxrs.base.ProviderBase.locateMapper(ProviderBase.java:941)
		at org.glassfish.jersey.jackson.internal.jackson.jaxrs.base.ProviderBase._endpointForReading(ProviderBase.java:869)
		at org.glassfish.jersey.jackson.internal.jackson.jaxrs.base.ProviderBase.readFrom(ProviderBase.java:783)
		at org.glassfish.jersey.message.internal.ReaderInterceptorExecutor$TerminalReaderInterceptor.invokeReadFrom(ReaderInterceptorExecutor.java:235)
		at org.glassfish.jersey.message.internal.ReaderInterceptorExecutor$TerminalReaderInterceptor.aroundReadFrom(ReaderInterceptorExecutor.java:214)
		at org.glassfish.jersey.message.internal.ReaderInterceptorExecutor.proceed(ReaderInterceptorExecutor.java:134)
		at org.glassfish.jersey.server.internal.MappableExceptionWrapperInterceptor.aroundReadFrom(MappableExceptionWrapperInterceptor.java:49)
		at org.glassfish.jersey.message.internal.ReaderInterceptorExecutor.proceed(ReaderInterceptorExecutor.java:134)
		at org.glassfish.jersey.message.internal.MessageBodyFactory.readFrom(MessageBodyFactory.java:1074)
		at org.glassfish.jersey.message.internal.InboundMessageContext.readEntity(InboundMessageContext.java:657)
		at org.glassfish.jersey.server.ContainerRequest.readEntity(ContainerRequest.java:290)
		at org.glassfish.jersey.server.internal.inject.EntityParamValueParamProvider$EntityValueSupplier.apply(EntityParamValueParamProvider.java:73)
		at org.glassfish.jersey.server.internal.inject.EntityParamValueParamProvider$EntityValueSupplier.apply(EntityParamValueParamProvider.java:56)
		at org.glassfish.jersey.server.spi.internal.ParamValueFactoryWithSource.apply(ParamValueFactoryWithSource.java:50)
		at org.glassfish.jersey.server.spi.internal.ParameterValueHelper.getParameterValues(ParameterValueHelper.java:68)
		at org.glassfish.jersey.server.model.internal.JavaResourceMethodDispatcherProvider$AbstractMethodParamInvoker.getParamValues(JavaResourceMethodDispatcherProvider.java:109)
		at org.glassfish.jersey.server.model.internal.JavaResourceMethodDispatcherProvider$ResponseOutInvoker.doDispatch(JavaResourceMethodDispatcherProvider.java:176)
		at org.glassfish.jersey.server.model.internal.AbstractJavaResourceMethodDispatcher.dispatch(AbstractJavaResourceMethodDispatcher.java:93)
		at org.glassfish.jersey.server.model.ResourceMethodInvoker.invoke(ResourceMethodInvoker.java:478)
		at org.glassfish.jersey.server.model.ResourceMethodInvoker.apply(ResourceMethodInvoker.java:400)
		at org.glassfish.jersey.server.model.ResourceMethodInvoker.apply(ResourceMethodInvoker.java:81)
		at org.glassfish.jersey.server.ServerRuntime$1.run(ServerRuntime.java:263)
		at org.glassfish.jersey.internal.Errors$1.call(Errors.java:248)
		at org.glassfish.jersey.internal.Errors$1.call(Errors.java:244)
		at org.glassfish.jersey.internal.Errors.process(Errors.java:292)
		at org.glassfish.jersey.internal.Errors.process(Errors.java:274)
		at org.glassfish.jersey.internal.Errors.process(Errors.java:244)
		at org.glassfish.jersey.process.internal.RequestScope.runInScope(RequestScope.java:266)
		at org.glassfish.jersey.server.ServerRuntime.process(ServerRuntime.java:242)
		at org.glassfish.jersey.server.ApplicationHandler.handle(ApplicationHandler.java:704)
		at org.glassfish.jersey.servlet.WebComponent.serviceImpl(WebComponent.java:420)
		at org.glassfish.jersey.servlet.WebComponent.service(WebComponent.java:372)
		at org.glassfish.jersey.servlet.ServletContainer.service(ServletContainer.java:358)
		at org.glassfish.jersey.servlet.ServletContainer.service(ServletContainer.java:312)
		at org.glassfish.jersey.servlet.ServletContainer.service(ServletContainer.java:205)
		at org.apache.catalina.core.ApplicationFilterChain.internalDoFilter(ApplicationFilterChain.java:195)
		at org.apache.catalina.core.ApplicationFilterChain.doFilter(ApplicationFilterChain.java:140)
		at org.apache.tomcat.websocket.server.WsFilter.doFilter(WsFilter.java:51)
		at org.apache.catalina.core.ApplicationFilterChain.internalDoFilter(ApplicationFilterChain.java:164)
		at org.apache.catalina.core.ApplicationFilterChain.doFilter(ApplicationFilterChain.java:140)
		at org.apache.catalina.core.StandardWrapperValve.invoke(StandardWrapperValve.java:167)
		at org.apache.catalina.core.StandardContextValve.invoke(StandardContextValve.java:90)
		at org.apache.catalina.authenticator.AuthenticatorBase.invoke(AuthenticatorBase.java:483)
		at org.apache.catalina.core.StandardHostValve.invoke(StandardHostValve.java:115)
		at org.apache.catalina.valves.ErrorReportValve.invoke(ErrorReportValve.java:93)
		at org.apache.catalina.valves.AbstractAccessLogValve.invoke(AbstractAccessLogValve.java:663)
		at org.apache.catalina.core.StandardEngineValve.invoke(StandardEngineValve.java:74)
		at org.apache.catalina.connector.CoyoteAdapter.service(CoyoteAdapter.java:344)
		at org.apache.coyote.http11.Http11Processor.service(Http11Processor.java:384)
		at org.apache.coyote.AbstractProcessorLight.process(AbstractProcessorLight.java:63)
		at org.apache.coyote.AbstractProtocol$ConnectionHandler.process(AbstractProtocol.java:905)
		at org.apache.tomcat.util.net.NioEndpoint$SocketProcessor.doRun(NioEndpoint.java:1741)
		at org.apache.tomcat.util.net.SocketProcessorBase.run(SocketProcessorBase.java:52)
		at org.apache.tomcat.util.threads.ThreadPoolExecutor.runWorker(ThreadPoolExecutor.java:1190)
		at org.apache.tomcat.util.threads.ThreadPoolExecutor$Worker.run(ThreadPoolExecutor.java:659)
		at org.apache.tomcat.util.threads.TaskThread$WrappingRunnable.run(TaskThread.java:63)
		at java.base/java.lang.Thread.run(Thread.java:1570)
04-May-2025 01:16:45.900 SEVERE [Thread-2] org.apache.catalina.core.ApplicationContext.log Servlet [org.example.jaxrs.HelloApplication] threw unload() exception
	jakarta.servlet.ServletException: Servlet.destroy() for servlet [org.example.jaxrs.HelloApplication] threw exception
		at org.apache.catalina.core.StandardWrapper.unload(StandardWrapper.java:968)
		at org.apache.catalina.core.StandardWrapper.stopInternal(StandardWrapper.java:1214)
		at org.apache.catalina.util.LifecycleBase.stop(LifecycleBase.java:231)
		at org.apache.catalina.core.StandardContext.stopInternal(StandardContext.java:4636)
		at org.apache.catalina.util.LifecycleBase.stop(LifecycleBase.java:231)
		at org.apache.catalina.core.ContainerBase$StopChild.call(ContainerBase.java:1219)
		at org.apache.catalina.core.ContainerBase$StopChild.call(ContainerBase.java:1208)
		at java.base/java.util.concurrent.FutureTask.run(FutureTask.java:317)
		at org.apache.tomcat.util.threads.InlineExecutorService.execute(InlineExecutorService.java:75)
		at java.base/java.util.concurrent.AbstractExecutorService.submit(AbstractExecutorService.java:145)
		at org.apache.catalina.core.ContainerBase.stopInternal(ContainerBase.java:814)
		at org.apache.catalina.util.LifecycleBase.stop(LifecycleBase.java:231)
		at org.apache.catalina.core.ContainerBase$StopChild.call(ContainerBase.java:1219)
		at org.apache.catalina.core.ContainerBase$StopChild.call(ContainerBase.java:1208)
		at java.base/java.util.concurrent.FutureTask.run(FutureTask.java:317)
		at org.apache.tomcat.util.threads.InlineExecutorService.execute(InlineExecutorService.java:75)
		at java.base/java.util.concurrent.AbstractExecutorService.submit(AbstractExecutorService.java:145)
		at org.apache.catalina.core.ContainerBase.stopInternal(ContainerBase.java:814)
		at org.apache.catalina.util.LifecycleBase.stop(LifecycleBase.java:231)
		at org.apache.catalina.core.StandardService.stopInternal(StandardService.java:471)
		at org.apache.catalina.util.LifecycleBase.stop(LifecycleBase.java:231)
		at org.apache.catalina.core.StandardServer.stopInternal(StandardServer.java:915)
		at org.apache.catalina.util.LifecycleBase.stop(LifecycleBase.java:231)
		at org.apache.catalina.startup.Catalina.stop(Catalina.java:832)
		at org.apache.catalina.startup.Catalina$CatalinaShutdownHook.run(Catalina.java:969)
	Caused by: java.lang.IllegalStateException: WELD-ENV-002002: Weld SE container 4115d979-3068-4d57-a53b-84e305624ca5 was already shut down
		at org.jboss.weld.environment.se.WeldContainer.checkIsRunning(WeldContainer.java:392)
		at org.jboss.weld.environment.se.WeldContainer.checkState(WeldContainer.java:376)
		at org.jboss.weld.AbstractCDI.instanceInternal(AbstractCDI.java:173)
		at org.jboss.weld.AbstractCDI.destroy(AbstractCDI.java:114)
		at org.glassfish.jersey.inject.cdi.se.CdiSeInjectionManager.preDestroy(CdiSeInjectionManager.java:251)
		at org.glassfish.jersey.model.internal.ManagedObjectsFinalizer.preDestroy(ManagedObjectsFinalizer.java:70)
		at org.glassfish.jersey.server.ApplicationHandler.onShutdown(ApplicationHandler.java:755)
		at org.glassfish.jersey.servlet.ServletContainer.destroy(ServletContainer.java:333)
		at org.apache.catalina.core.StandardWrapper.unload(StandardWrapper.java:960)
		... 24 more
04-May-2025 01:17:02.164 SEVERE [http-nio-8080-exec-1] org.apache.catalina.core.StandardWrapperValve.invoke Servlet.service() for servlet [org.example.jaxrs.HelloApplication] in context with path [/Jaxrs] threw exception [org.glassfish.jersey.server.ContainerException: java.lang.NoClassDefFoundError: com/fasterxml/jackson/module/jaxb/JaxbAnnotationIntrospector] with root cause
	java.lang.ClassNotFoundException: com.fasterxml.jackson.module.jaxb.JaxbAnnotationIntrospector
		at org.apache.catalina.loader.WebappClassLoaderBase.loadClass(WebappClassLoaderBase.java:1332)
		at org.apache.catalina.loader.WebappClassLoaderBase.loadClass(WebappClassLoaderBase.java:1144)
		at org.glassfish.jersey.jackson.internal.jackson.jaxrs.json.JsonMapperConfigurator._resolveIntrospector(JsonMapperConfigurator.java:111)
		at org.glassfish.jersey.jackson.internal.jackson.jaxrs.json.JsonMapperConfigurator._resolveIntrospectors(JsonMapperConfigurator.java:86)
		at org.glassfish.jersey.jackson.internal.jackson.jaxrs.cfg.MapperConfiguratorBase._setAnnotations(MapperConfiguratorBase.java:123)
		at org.glassfish.jersey.jackson.internal.jackson.jaxrs.json.JsonMapperConfigurator.getDefaultMapper(JsonMapperConfigurator.java:47)
		at org.glassfish.jersey.jackson.internal.jackson.jaxrs.base.ProviderBase.locateMapper(ProviderBase.java:941)
		at org.glassfish.jersey.jackson.internal.jackson.jaxrs.base.ProviderBase._endpointForReading(ProviderBase.java:869)
		at org.glassfish.jersey.jackson.internal.jackson.jaxrs.base.ProviderBase.readFrom(ProviderBase.java:783)
		at org.glassfish.jersey.message.internal.ReaderInterceptorExecutor$TerminalReaderInterceptor.invokeReadFrom(ReaderInterceptorExecutor.java:235)
		at org.glassfish.jersey.message.internal.ReaderInterceptorExecutor$TerminalReaderInterceptor.aroundReadFrom(ReaderInterceptorExecutor.java:214)
		at org.glassfish.jersey.message.internal.ReaderInterceptorExecutor.proceed(ReaderInterceptorExecutor.java:134)
		at org.glassfish.jersey.server.internal.MappableExceptionWrapperInterceptor.aroundReadFrom(MappableExceptionWrapperInterceptor.java:49)
		at org.glassfish.jersey.message.internal.ReaderInterceptorExecutor.proceed(ReaderInterceptorExecutor.java:134)
		at org.glassfish.jersey.message.internal.MessageBodyFactory.readFrom(MessageBodyFactory.java:1074)
		at org.glassfish.jersey.message.internal.InboundMessageContext.readEntity(InboundMessageContext.java:657)
		at org.glassfish.jersey.server.ContainerRequest.readEntity(ContainerRequest.java:290)
		at org.glassfish.jersey.server.internal.inject.EntityParamValueParamProvider$EntityValueSupplier.apply(EntityParamValueParamProvider.java:73)
		at org.glassfish.jersey.server.internal.inject.EntityParamValueParamProvider$EntityValueSupplier.apply(EntityParamValueParamProvider.java:56)
		at org.glassfish.jersey.server.spi.internal.ParamValueFactoryWithSource.apply(ParamValueFactoryWithSource.java:50)
		at org.glassfish.jersey.server.spi.internal.ParameterValueHelper.getParameterValues(ParameterValueHelper.java:68)
		at org.glassfish.jersey.server.model.internal.JavaResourceMethodDispatcherProvider$AbstractMethodParamInvoker.getParamValues(JavaResourceMethodDispatcherProvider.java:109)
		at org.glassfish.jersey.server.model.internal.JavaResourceMethodDispatcherProvider$ResponseOutInvoker.doDispatch(JavaResourceMethodDispatcherProvider.java:176)
		at org.glassfish.jersey.server.model.internal.AbstractJavaResourceMethodDispatcher.dispatch(AbstractJavaResourceMethodDispatcher.java:93)
		at org.glassfish.jersey.server.model.ResourceMethodInvoker.invoke(ResourceMethodInvoker.java:478)
		at org.glassfish.jersey.server.model.ResourceMethodInvoker.apply(ResourceMethodInvoker.java:400)
		at org.glassfish.jersey.server.model.ResourceMethodInvoker.apply(ResourceMethodInvoker.java:81)
		at org.glassfish.jersey.server.ServerRuntime$1.run(ServerRuntime.java:263)
		at org.glassfish.jersey.internal.Errors$1.call(Errors.java:248)
		at org.glassfish.jersey.internal.Errors$1.call(Errors.java:244)
		at org.glassfish.jersey.internal.Errors.process(Errors.java:292)
		at org.glassfish.jersey.internal.Errors.process(Errors.java:274)
		at org.glassfish.jersey.internal.Errors.process(Errors.java:244)
		at org.glassfish.jersey.process.internal.RequestScope.runInScope(RequestScope.java:266)
		at org.glassfish.jersey.server.ServerRuntime.process(ServerRuntime.java:242)
		at org.glassfish.jersey.server.ApplicationHandler.handle(ApplicationHandler.java:704)
		at org.glassfish.jersey.servlet.WebComponent.serviceImpl(WebComponent.java:420)
		at org.glassfish.jersey.servlet.WebComponent.service(WebComponent.java:372)
		at org.glassfish.jersey.servlet.ServletContainer.service(ServletContainer.java:358)
		at org.glassfish.jersey.servlet.ServletContainer.service(ServletContainer.java:312)
		at org.glassfish.jersey.servlet.ServletContainer.service(ServletContainer.java:205)
		at org.apache.catalina.core.ApplicationFilterChain.internalDoFilter(ApplicationFilterChain.java:195)
		at org.apache.catalina.core.ApplicationFilterChain.doFilter(ApplicationFilterChain.java:140)
		at org.apache.tomcat.websocket.server.WsFilter.doFilter(WsFilter.java:51)
		at org.apache.catalina.core.ApplicationFilterChain.internalDoFilter(ApplicationFilterChain.java:164)
		at org.apache.catalina.core.ApplicationFilterChain.doFilter(ApplicationFilterChain.java:140)
		at org.apache.catalina.core.StandardWrapperValve.invoke(StandardWrapperValve.java:167)
		at org.apache.catalina.core.StandardContextValve.invoke(StandardContextValve.java:90)
		at org.apache.catalina.authenticator.AuthenticatorBase.invoke(AuthenticatorBase.java:483)
		at org.apache.catalina.core.StandardHostValve.invoke(StandardHostValve.java:115)
		at org.apache.catalina.valves.ErrorReportValve.invoke(ErrorReportValve.java:93)
		at org.apache.catalina.valves.AbstractAccessLogValve.invoke(AbstractAccessLogValve.java:663)
		at org.apache.catalina.core.StandardEngineValve.invoke(StandardEngineValve.java:74)
		at org.apache.catalina.connector.CoyoteAdapter.service(CoyoteAdapter.java:344)
		at org.apache.coyote.http11.Http11Processor.service(Http11Processor.java:384)
		at org.apache.coyote.AbstractProcessorLight.process(AbstractProcessorLight.java:63)
		at org.apache.coyote.AbstractProtocol$ConnectionHandler.process(AbstractProtocol.java:905)
		at org.apache.tomcat.util.net.NioEndpoint$SocketProcessor.doRun(NioEndpoint.java:1741)
		at org.apache.tomcat.util.net.SocketProcessorBase.run(SocketProcessorBase.java:52)
		at org.apache.tomcat.util.threads.ThreadPoolExecutor.runWorker(ThreadPoolExecutor.java:1190)
		at org.apache.tomcat.util.threads.ThreadPoolExecutor$Worker.run(ThreadPoolExecutor.java:659)
		at org.apache.tomcat.util.threads.TaskThread$WrappingRunnable.run(TaskThread.java:63)
		at java.base/java.lang.Thread.run(Thread.java:1570)
04-May-2025 01:17:19.623 SEVERE [Thread-2] org.apache.catalina.core.ApplicationContext.log Servlet [org.example.jaxrs.HelloApplication] threw unload() exception
	jakarta.servlet.ServletException: Servlet.destroy() for servlet [org.example.jaxrs.HelloApplication] threw exception
		at org.apache.catalina.core.StandardWrapper.unload(StandardWrapper.java:968)
		at org.apache.catalina.core.StandardWrapper.stopInternal(StandardWrapper.java:1214)
		at org.apache.catalina.util.LifecycleBase.stop(LifecycleBase.java:231)
		at org.apache.catalina.core.StandardContext.stopInternal(StandardContext.java:4636)
		at org.apache.catalina.util.LifecycleBase.stop(LifecycleBase.java:231)
		at org.apache.catalina.core.ContainerBase$StopChild.call(ContainerBase.java:1219)
		at org.apache.catalina.core.ContainerBase$StopChild.call(ContainerBase.java:1208)
		at java.base/java.util.concurrent.FutureTask.run(FutureTask.java:317)
		at org.apache.tomcat.util.threads.InlineExecutorService.execute(InlineExecutorService.java:75)
		at java.base/java.util.concurrent.AbstractExecutorService.submit(AbstractExecutorService.java:145)
		at org.apache.catalina.core.ContainerBase.stopInternal(ContainerBase.java:814)
		at org.apache.catalina.util.LifecycleBase.stop(LifecycleBase.java:231)
		at org.apache.catalina.core.ContainerBase$StopChild.call(ContainerBase.java:1219)
		at org.apache.catalina.core.ContainerBase$StopChild.call(ContainerBase.java:1208)
		at java.base/java.util.concurrent.FutureTask.run(FutureTask.java:317)
		at org.apache.tomcat.util.threads.InlineExecutorService.execute(InlineExecutorService.java:75)
		at java.base/java.util.concurrent.AbstractExecutorService.submit(AbstractExecutorService.java:145)
		at org.apache.catalina.core.ContainerBase.stopInternal(ContainerBase.java:814)
		at org.apache.catalina.util.LifecycleBase.stop(LifecycleBase.java:231)
		at org.apache.catalina.core.StandardService.stopInternal(StandardService.java:471)
		at org.apache.catalina.util.LifecycleBase.stop(LifecycleBase.java:231)
		at org.apache.catalina.core.StandardServer.stopInternal(StandardServer.java:915)
		at org.apache.catalina.util.LifecycleBase.stop(LifecycleBase.java:231)
		at org.apache.catalina.startup.Catalina.stop(Catalina.java:832)
		at org.apache.catalina.startup.Catalina$CatalinaShutdownHook.run(Catalina.java:969)
	Caused by: java.lang.IllegalStateException: Singleton not set for 0827d697-de51-4b4f-8db1-5d993244b2ca => []
		at org.jboss.weld.bootstrap.api.helpers.RegistrySingletonProvider$RegistrySingleton.get(RegistrySingletonProvider.java:31)
		at org.jboss.weld.Container.instance(Container.java:65)
		at org.jboss.weld.environment.se.WeldContainer.checkDeploymentValidated(WeldContainer.java:380)
		at org.jboss.weld.environment.se.WeldContainer.checkState(WeldContainer.java:375)
		at org.jboss.weld.AbstractCDI.instanceInternal(AbstractCDI.java:173)
		at org.jboss.weld.AbstractCDI.destroy(AbstractCDI.java:114)
		at org.glassfish.jersey.inject.cdi.se.CdiSeInjectionManager.preDestroy(CdiSeInjectionManager.java:251)
		at org.glassfish.jersey.model.internal.ManagedObjectsFinalizer.preDestroy(ManagedObjectsFinalizer.java:70)
		at org.glassfish.jersey.server.ApplicationHandler.onShutdown(ApplicationHandler.java:755)
		at org.glassfish.jersey.servlet.ServletContainer.destroy(ServletContainer.java:333)
		at org.apache.catalina.core.StandardWrapper.unload(StandardWrapper.java:960)
		... 24 more
04-May-2025 01:17:30.305 SEVERE [http-nio-8080-exec-1] org.apache.catalina.core.StandardWrapperValve.invoke Servlet.service() for servlet [org.example.jaxrs.HelloApplication] in context with path [/Jaxrs] threw exception [org.glassfish.jersey.server.ContainerException: java.lang.NoClassDefFoundError: com/fasterxml/jackson/module/jaxb/JaxbAnnotationIntrospector] with root cause
	java.lang.ClassNotFoundException: com.fasterxml.jackson.module.jaxb.JaxbAnnotationIntrospector
		at org.apache.catalina.loader.WebappClassLoaderBase.loadClass(WebappClassLoaderBase.java:1332)
		at org.apache.catalina.loader.WebappClassLoaderBase.loadClass(WebappClassLoaderBase.java:1144)
		at org.glassfish.jersey.jackson.internal.jackson.jaxrs.json.JsonMapperConfigurator._resolveIntrospector(JsonMapperConfigurator.java:111)
		at org.glassfish.jersey.jackson.internal.jackson.jaxrs.json.JsonMapperConfigurator._resolveIntrospectors(JsonMapperConfigurator.java:86)
		at org.glassfish.jersey.jackson.internal.jackson.jaxrs.cfg.MapperConfiguratorBase._setAnnotations(MapperConfiguratorBase.java:123)
		at org.glassfish.jersey.jackson.internal.jackson.jaxrs.json.JsonMapperConfigurator.getDefaultMapper(JsonMapperConfigurator.java:47)
		at org.glassfish.jersey.jackson.internal.jackson.jaxrs.base.ProviderBase.locateMapper(ProviderBase.java:941)
		at org.glassfish.jersey.jackson.internal.jackson.jaxrs.base.ProviderBase._endpointForReading(ProviderBase.java:869)
		at org.glassfish.jersey.jackson.internal.jackson.jaxrs.base.ProviderBase.readFrom(ProviderBase.java:783)
		at org.glassfish.jersey.message.internal.ReaderInterceptorExecutor$TerminalReaderInterceptor.invokeReadFrom(ReaderInterceptorExecutor.java:235)
		at org.glassfish.jersey.message.internal.ReaderInterceptorExecutor$TerminalReaderInterceptor.aroundReadFrom(ReaderInterceptorExecutor.java:214)
		at org.glassfish.jersey.message.internal.ReaderInterceptorExecutor.proceed(ReaderInterceptorExecutor.java:134)
		at org.glassfish.jersey.server.internal.MappableExceptionWrapperInterceptor.aroundReadFrom(MappableExceptionWrapperInterceptor.java:49)
		at org.glassfish.jersey.message.internal.ReaderInterceptorExecutor.proceed(ReaderInterceptorExecutor.java:134)
		at org.glassfish.jersey.message.internal.MessageBodyFactory.readFrom(MessageBodyFactory.java:1074)
		at org.glassfish.jersey.message.internal.InboundMessageContext.readEntity(InboundMessageContext.java:657)
		at org.glassfish.jersey.server.ContainerRequest.readEntity(ContainerRequest.java:290)
		at org.glassfish.jersey.server.internal.inject.EntityParamValueParamProvider$EntityValueSupplier.apply(EntityParamValueParamProvider.java:73)
		at org.glassfish.jersey.server.internal.inject.EntityParamValueParamProvider$EntityValueSupplier.apply(EntityParamValueParamProvider.java:56)
		at org.glassfish.jersey.server.spi.internal.ParamValueFactoryWithSource.apply(ParamValueFactoryWithSource.java:50)
		at org.glassfish.jersey.server.spi.internal.ParameterValueHelper.getParameterValues(ParameterValueHelper.java:68)
		at org.glassfish.jersey.server.model.internal.JavaResourceMethodDispatcherProvider$AbstractMethodParamInvoker.getParamValues(JavaResourceMethodDispatcherProvider.java:109)
		at org.glassfish.jersey.server.model.internal.JavaResourceMethodDispatcherProvider$ResponseOutInvoker.doDispatch(JavaResourceMethodDispatcherProvider.java:176)
		at org.glassfish.jersey.server.model.internal.AbstractJavaResourceMethodDispatcher.dispatch(AbstractJavaResourceMethodDispatcher.java:93)
		at org.glassfish.jersey.server.model.ResourceMethodInvoker.invoke(ResourceMethodInvoker.java:478)
		at org.glassfish.jersey.server.model.ResourceMethodInvoker.apply(ResourceMethodInvoker.java:400)
		at org.glassfish.jersey.server.model.ResourceMethodInvoker.apply(ResourceMethodInvoker.java:81)
		at org.glassfish.jersey.server.ServerRuntime$1.run(ServerRuntime.java:263)
		at org.glassfish.jersey.internal.Errors$1.call(Errors.java:248)
		at org.glassfish.jersey.internal.Errors$1.call(Errors.java:244)
		at org.glassfish.jersey.internal.Errors.process(Errors.java:292)
		at org.glassfish.jersey.internal.Errors.process(Errors.java:274)
		at org.glassfish.jersey.internal.Errors.process(Errors.java:244)
		at org.glassfish.jersey.process.internal.RequestScope.runInScope(RequestScope.java:266)
		at org.glassfish.jersey.server.ServerRuntime.process(ServerRuntime.java:242)
		at org.glassfish.jersey.server.ApplicationHandler.handle(ApplicationHandler.java:704)
		at org.glassfish.jersey.servlet.WebComponent.serviceImpl(WebComponent.java:420)
		at org.glassfish.jersey.servlet.WebComponent.service(WebComponent.java:372)
		at org.glassfish.jersey.servlet.ServletContainer.service(ServletContainer.java:358)
		at org.glassfish.jersey.servlet.ServletContainer.service(ServletContainer.java:312)
		at org.glassfish.jersey.servlet.ServletContainer.service(ServletContainer.java:205)
		at org.apache.catalina.core.ApplicationFilterChain.internalDoFilter(ApplicationFilterChain.java:195)
		at org.apache.catalina.core.ApplicationFilterChain.doFilter(ApplicationFilterChain.java:140)
		at org.apache.tomcat.websocket.server.WsFilter.doFilter(WsFilter.java:51)
		at org.apache.catalina.core.ApplicationFilterChain.internalDoFilter(ApplicationFilterChain.java:164)
		at org.apache.catalina.core.ApplicationFilterChain.doFilter(ApplicationFilterChain.java:140)
		at org.apache.catalina.core.StandardWrapperValve.invoke(StandardWrapperValve.java:167)
		at org.apache.catalina.core.StandardContextValve.invoke(StandardContextValve.java:90)
		at org.apache.catalina.authenticator.AuthenticatorBase.invoke(AuthenticatorBase.java:483)
		at org.apache.catalina.core.StandardHostValve.invoke(StandardHostValve.java:115)
		at org.apache.catalina.valves.ErrorReportValve.invoke(ErrorReportValve.java:93)
		at org.apache.catalina.valves.AbstractAccessLogValve.invoke(AbstractAccessLogValve.java:663)
		at org.apache.catalina.core.StandardEngineValve.invoke(StandardEngineValve.java:74)
		at org.apache.catalina.connector.CoyoteAdapter.service(CoyoteAdapter.java:344)
		at org.apache.coyote.http11.Http11Processor.service(Http11Processor.java:384)
		at org.apache.coyote.AbstractProcessorLight.process(AbstractProcessorLight.java:63)
		at org.apache.coyote.AbstractProtocol$ConnectionHandler.process(AbstractProtocol.java:905)
		at org.apache.tomcat.util.net.NioEndpoint$SocketProcessor.doRun(NioEndpoint.java:1741)
		at org.apache.tomcat.util.net.SocketProcessorBase.run(SocketProcessorBase.java:52)
		at org.apache.tomcat.util.threads.ThreadPoolExecutor.runWorker(ThreadPoolExecutor.java:1190)
		at org.apache.tomcat.util.threads.ThreadPoolExecutor$Worker.run(ThreadPoolExecutor.java:659)
		at org.apache.tomcat.util.threads.TaskThread$WrappingRunnable.run(TaskThread.java:63)
		at java.base/java.lang.Thread.run(Thread.java:1570)
04-May-2025 01:18:29.119 SEVERE [Thread-2] org.apache.catalina.core.ApplicationContext.log Servlet [org.example.jaxrs.HelloApplication] threw unload() exception
	jakarta.servlet.ServletException: Servlet.destroy() for servlet [org.example.jaxrs.HelloApplication] threw exception
		at org.apache.catalina.core.StandardWrapper.unload(StandardWrapper.java:968)
		at org.apache.catalina.core.StandardWrapper.stopInternal(StandardWrapper.java:1214)
		at org.apache.catalina.util.LifecycleBase.stop(LifecycleBase.java:231)
		at org.apache.catalina.core.StandardContext.stopInternal(StandardContext.java:4636)
		at org.apache.catalina.util.LifecycleBase.stop(LifecycleBase.java:231)
		at org.apache.catalina.core.ContainerBase$StopChild.call(ContainerBase.java:1219)
		at org.apache.catalina.core.ContainerBase$StopChild.call(ContainerBase.java:1208)
		at java.base/java.util.concurrent.FutureTask.run(FutureTask.java:317)
		at org.apache.tomcat.util.threads.InlineExecutorService.execute(InlineExecutorService.java:75)
		at java.base/java.util.concurrent.AbstractExecutorService.submit(AbstractExecutorService.java:145)
		at org.apache.catalina.core.ContainerBase.stopInternal(ContainerBase.java:814)
		at org.apache.catalina.util.LifecycleBase.stop(LifecycleBase.java:231)
		at org.apache.catalina.core.ContainerBase$StopChild.call(ContainerBase.java:1219)
		at org.apache.catalina.core.ContainerBase$StopChild.call(ContainerBase.java:1208)
		at java.base/java.util.concurrent.FutureTask.run(FutureTask.java:317)
		at org.apache.tomcat.util.threads.InlineExecutorService.execute(InlineExecutorService.java:75)
		at java.base/java.util.concurrent.AbstractExecutorService.submit(AbstractExecutorService.java:145)
		at org.apache.catalina.core.ContainerBase.stopInternal(ContainerBase.java:814)
		at org.apache.catalina.util.LifecycleBase.stop(LifecycleBase.java:231)
		at org.apache.catalina.core.StandardService.stopInternal(StandardService.java:471)
		at org.apache.catalina.util.LifecycleBase.stop(LifecycleBase.java:231)
		at org.apache.catalina.core.StandardServer.stopInternal(StandardServer.java:915)
		at org.apache.catalina.util.LifecycleBase.stop(LifecycleBase.java:231)
		at org.apache.catalina.startup.Catalina.stop(Catalina.java:832)
		at org.apache.catalina.startup.Catalina$CatalinaShutdownHook.run(Catalina.java:969)
	Caused by: java.lang.IllegalStateException: Singleton not set for 43761f86-901e-48db-8146-1d1043aa2c3e => []
		at org.jboss.weld.bootstrap.api.helpers.RegistrySingletonProvider$RegistrySingleton.get(RegistrySingletonProvider.java:31)
		at org.jboss.weld.Container.instance(Container.java:65)
		at org.jboss.weld.environment.se.WeldContainer.checkDeploymentValidated(WeldContainer.java:380)
		at org.jboss.weld.environment.se.WeldContainer.checkState(WeldContainer.java:375)
		at org.jboss.weld.AbstractCDI.instanceInternal(AbstractCDI.java:173)
		at org.jboss.weld.AbstractCDI.destroy(AbstractCDI.java:114)
		at org.glassfish.jersey.inject.cdi.se.CdiSeInjectionManager.preDestroy(CdiSeInjectionManager.java:251)
		at org.glassfish.jersey.model.internal.ManagedObjectsFinalizer.preDestroy(ManagedObjectsFinalizer.java:70)
		at org.glassfish.jersey.server.ApplicationHandler.onShutdown(ApplicationHandler.java:755)
		at org.glassfish.jersey.servlet.ServletContainer.destroy(ServletContainer.java:333)
		at org.apache.catalina.core.StandardWrapper.unload(StandardWrapper.java:960)
		... 24 more
04-May-2025 01:21:10.406 SEVERE [Thread-2] org.apache.catalina.core.ApplicationContext.log Servlet [org.example.jaxrs.HelloApplication] threw unload() exception
	jakarta.servlet.ServletException: Servlet.destroy() for servlet [org.example.jaxrs.HelloApplication] threw exception
		at org.apache.catalina.core.StandardWrapper.unload(StandardWrapper.java:968)
		at org.apache.catalina.core.StandardWrapper.stopInternal(StandardWrapper.java:1214)
		at org.apache.catalina.util.LifecycleBase.stop(LifecycleBase.java:231)
		at org.apache.catalina.core.StandardContext.stopInternal(StandardContext.java:4636)
		at org.apache.catalina.util.LifecycleBase.stop(LifecycleBase.java:231)
		at org.apache.catalina.core.ContainerBase$StopChild.call(ContainerBase.java:1219)
		at org.apache.catalina.core.ContainerBase$StopChild.call(ContainerBase.java:1208)
		at java.base/java.util.concurrent.FutureTask.run(FutureTask.java:317)
		at org.apache.tomcat.util.threads.InlineExecutorService.execute(InlineExecutorService.java:75)
		at java.base/java.util.concurrent.AbstractExecutorService.submit(AbstractExecutorService.java:145)
		at org.apache.catalina.core.ContainerBase.stopInternal(ContainerBase.java:814)
		at org.apache.catalina.util.LifecycleBase.stop(LifecycleBase.java:231)
		at org.apache.catalina.core.ContainerBase$StopChild.call(ContainerBase.java:1219)
		at org.apache.catalina.core.ContainerBase$StopChild.call(ContainerBase.java:1208)
		at java.base/java.util.concurrent.FutureTask.run(FutureTask.java:317)
		at org.apache.tomcat.util.threads.InlineExecutorService.execute(InlineExecutorService.java:75)
		at java.base/java.util.concurrent.AbstractExecutorService.submit(AbstractExecutorService.java:145)
		at org.apache.catalina.core.ContainerBase.stopInternal(ContainerBase.java:814)
		at org.apache.catalina.util.LifecycleBase.stop(LifecycleBase.java:231)
		at org.apache.catalina.core.StandardService.stopInternal(StandardService.java:471)
		at org.apache.catalina.util.LifecycleBase.stop(LifecycleBase.java:231)
		at org.apache.catalina.core.StandardServer.stopInternal(StandardServer.java:915)
		at org.apache.catalina.util.LifecycleBase.stop(LifecycleBase.java:231)
		at org.apache.catalina.startup.Catalina.stop(Catalina.java:832)
		at org.apache.catalina.startup.Catalina$CatalinaShutdownHook.run(Catalina.java:969)
	Caused by: java.lang.IllegalStateException: Singleton not set for 248ac98c-5c01-43ae-9f91-0f4db22f1439 => []
		at org.jboss.weld.bootstrap.api.helpers.RegistrySingletonProvider$RegistrySingleton.get(RegistrySingletonProvider.java:31)
		at org.jboss.weld.Container.instance(Container.java:65)
		at org.jboss.weld.environment.se.WeldContainer.checkDeploymentValidated(WeldContainer.java:380)
		at org.jboss.weld.environment.se.WeldContainer.checkState(WeldContainer.java:375)
		at org.jboss.weld.AbstractCDI.instanceInternal(AbstractCDI.java:173)
		at org.jboss.weld.AbstractCDI.destroy(AbstractCDI.java:114)
		at org.glassfish.jersey.inject.cdi.se.CdiSeInjectionManager.preDestroy(CdiSeInjectionManager.java:251)
		at org.glassfish.jersey.model.internal.ManagedObjectsFinalizer.preDestroy(ManagedObjectsFinalizer.java:70)
		at org.glassfish.jersey.server.ApplicationHandler.onShutdown(ApplicationHandler.java:755)
		at org.glassfish.jersey.servlet.ServletContainer.destroy(ServletContainer.java:333)
		at org.apache.catalina.core.StandardWrapper.unload(StandardWrapper.java:960)
		... 24 more
04-May-2025 01:23:10.461 SEVERE [Thread-2] org.apache.catalina.core.ApplicationContext.log Servlet [org.example.jaxrs.HelloApplication] threw unload() exception
	jakarta.servlet.ServletException: Servlet.destroy() for servlet [org.example.jaxrs.HelloApplication] threw exception
		at org.apache.catalina.core.StandardWrapper.unload(StandardWrapper.java:968)
		at org.apache.catalina.core.StandardWrapper.stopInternal(StandardWrapper.java:1214)
		at org.apache.catalina.util.LifecycleBase.stop(LifecycleBase.java:231)
		at org.apache.catalina.core.StandardContext.stopInternal(StandardContext.java:4636)
		at org.apache.catalina.util.LifecycleBase.stop(LifecycleBase.java:231)
		at org.apache.catalina.core.ContainerBase$StopChild.call(ContainerBase.java:1219)
		at org.apache.catalina.core.ContainerBase$StopChild.call(ContainerBase.java:1208)
		at java.base/java.util.concurrent.FutureTask.run(FutureTask.java:317)
		at org.apache.tomcat.util.threads.InlineExecutorService.execute(InlineExecutorService.java:75)
		at java.base/java.util.concurrent.AbstractExecutorService.submit(AbstractExecutorService.java:145)
		at org.apache.catalina.core.ContainerBase.stopInternal(ContainerBase.java:814)
		at org.apache.catalina.util.LifecycleBase.stop(LifecycleBase.java:231)
		at org.apache.catalina.core.ContainerBase$StopChild.call(ContainerBase.java:1219)
		at org.apache.catalina.core.ContainerBase$StopChild.call(ContainerBase.java:1208)
		at java.base/java.util.concurrent.FutureTask.run(FutureTask.java:317)
		at org.apache.tomcat.util.threads.InlineExecutorService.execute(InlineExecutorService.java:75)
		at java.base/java.util.concurrent.AbstractExecutorService.submit(AbstractExecutorService.java:145)
		at org.apache.catalina.core.ContainerBase.stopInternal(ContainerBase.java:814)
		at org.apache.catalina.util.LifecycleBase.stop(LifecycleBase.java:231)
		at org.apache.catalina.core.StandardService.stopInternal(StandardService.java:471)
		at org.apache.catalina.util.LifecycleBase.stop(LifecycleBase.java:231)
		at org.apache.catalina.core.StandardServer.stopInternal(StandardServer.java:915)
		at org.apache.catalina.util.LifecycleBase.stop(LifecycleBase.java:231)
		at org.apache.catalina.startup.Catalina.stop(Catalina.java:832)
		at org.apache.catalina.startup.Catalina$CatalinaShutdownHook.run(Catalina.java:969)
	Caused by: java.lang.IllegalStateException: Singleton not set for 06aaf9dc-6ff2-4c24-91d6-fdc0ecc52fda => []
		at org.jboss.weld.bootstrap.api.helpers.RegistrySingletonProvider$RegistrySingleton.get(RegistrySingletonProvider.java:31)
		at org.jboss.weld.Container.instance(Container.java:65)
		at org.jboss.weld.environment.se.WeldContainer.checkDeploymentValidated(WeldContainer.java:380)
		at org.jboss.weld.environment.se.WeldContainer.checkState(WeldContainer.java:375)
		at org.jboss.weld.AbstractCDI.instanceInternal(AbstractCDI.java:173)
		at org.jboss.weld.AbstractCDI.destroy(AbstractCDI.java:114)
		at org.glassfish.jersey.inject.cdi.se.CdiSeInjectionManager.preDestroy(CdiSeInjectionManager.java:251)
		at org.glassfish.jersey.model.internal.ManagedObjectsFinalizer.preDestroy(ManagedObjectsFinalizer.java:70)
		at org.glassfish.jersey.server.ApplicationHandler.onShutdown(ApplicationHandler.java:755)
		at org.glassfish.jersey.servlet.ServletContainer.destroy(ServletContainer.java:333)
		at org.apache.catalina.core.StandardWrapper.unload(StandardWrapper.java:960)
		... 24 more
04-May-2025 01:23:30.343 SEVERE [http-nio-8080-exec-1] org.apache.catalina.core.StandardWrapperValve.invoke Servlet.service() for servlet [org.example.jaxrs.HelloApplication] in context with path [/Jaxrs] threw exception [org.glassfish.jersey.server.ContainerException: java.lang.NoClassDefFoundError: com/fasterxml/jackson/module/jaxb/JaxbAnnotationIntrospector] with root cause
	java.lang.ClassNotFoundException: com.fasterxml.jackson.module.jaxb.JaxbAnnotationIntrospector
		at org.apache.catalina.loader.WebappClassLoaderBase.loadClass(WebappClassLoaderBase.java:1332)
		at org.apache.catalina.loader.WebappClassLoaderBase.loadClass(WebappClassLoaderBase.java:1144)
		at org.glassfish.jersey.jackson.internal.jackson.jaxrs.json.JsonMapperConfigurator._resolveIntrospector(JsonMapperConfigurator.java:111)
		at org.glassfish.jersey.jackson.internal.jackson.jaxrs.json.JsonMapperConfigurator._resolveIntrospectors(JsonMapperConfigurator.java:86)
		at org.glassfish.jersey.jackson.internal.jackson.jaxrs.cfg.MapperConfiguratorBase._setAnnotations(MapperConfiguratorBase.java:123)
		at org.glassfish.jersey.jackson.internal.jackson.jaxrs.json.JsonMapperConfigurator.getDefaultMapper(JsonMapperConfigurator.java:47)
		at org.glassfish.jersey.jackson.internal.jackson.jaxrs.base.ProviderBase.locateMapper(ProviderBase.java:941)
		at org.glassfish.jersey.jackson.internal.jackson.jaxrs.base.ProviderBase._endpointForReading(ProviderBase.java:869)
		at org.glassfish.jersey.jackson.internal.jackson.jaxrs.base.ProviderBase.readFrom(ProviderBase.java:783)
		at org.glassfish.jersey.message.internal.ReaderInterceptorExecutor$TerminalReaderInterceptor.invokeReadFrom(ReaderInterceptorExecutor.java:235)
		at org.glassfish.jersey.message.internal.ReaderInterceptorExecutor$TerminalReaderInterceptor.aroundReadFrom(ReaderInterceptorExecutor.java:214)
		at org.glassfish.jersey.message.internal.ReaderInterceptorExecutor.proceed(ReaderInterceptorExecutor.java:134)
		at org.glassfish.jersey.server.internal.MappableExceptionWrapperInterceptor.aroundReadFrom(MappableExceptionWrapperInterceptor.java:49)
		at org.glassfish.jersey.message.internal.ReaderInterceptorExecutor.proceed(ReaderInterceptorExecutor.java:134)
		at org.glassfish.jersey.message.internal.MessageBodyFactory.readFrom(MessageBodyFactory.java:1074)
		at org.glassfish.jersey.message.internal.InboundMessageContext.readEntity(InboundMessageContext.java:657)
		at org.glassfish.jersey.server.ContainerRequest.readEntity(ContainerRequest.java:290)
		at org.glassfish.jersey.server.internal.inject.EntityParamValueParamProvider$EntityValueSupplier.apply(EntityParamValueParamProvider.java:73)
		at org.glassfish.jersey.server.internal.inject.EntityParamValueParamProvider$EntityValueSupplier.apply(EntityParamValueParamProvider.java:56)
		at org.glassfish.jersey.server.spi.internal.ParamValueFactoryWithSource.apply(ParamValueFactoryWithSource.java:50)
		at org.glassfish.jersey.server.spi.internal.ParameterValueHelper.getParameterValues(ParameterValueHelper.java:68)
		at org.glassfish.jersey.server.model.internal.JavaResourceMethodDispatcherProvider$AbstractMethodParamInvoker.getParamValues(JavaResourceMethodDispatcherProvider.java:109)
		at org.glassfish.jersey.server.model.internal.JavaResourceMethodDispatcherProvider$ResponseOutInvoker.doDispatch(JavaResourceMethodDispatcherProvider.java:176)
		at org.glassfish.jersey.server.model.internal.AbstractJavaResourceMethodDispatcher.dispatch(AbstractJavaResourceMethodDispatcher.java:93)
		at org.glassfish.jersey.server.model.ResourceMethodInvoker.invoke(ResourceMethodInvoker.java:478)
		at org.glassfish.jersey.server.model.ResourceMethodInvoker.apply(ResourceMethodInvoker.java:400)
		at org.glassfish.jersey.server.model.ResourceMethodInvoker.apply(ResourceMethodInvoker.java:81)
		at org.glassfish.jersey.server.ServerRuntime$1.run(ServerRuntime.java:263)
		at org.glassfish.jersey.internal.Errors$1.call(Errors.java:248)
		at org.glassfish.jersey.internal.Errors$1.call(Errors.java:244)
		at org.glassfish.jersey.internal.Errors.process(Errors.java:292)
		at org.glassfish.jersey.internal.Errors.process(Errors.java:274)
		at org.glassfish.jersey.internal.Errors.process(Errors.java:244)
		at org.glassfish.jersey.process.internal.RequestScope.runInScope(RequestScope.java:266)
		at org.glassfish.jersey.server.ServerRuntime.process(ServerRuntime.java:242)
		at org.glassfish.jersey.server.ApplicationHandler.handle(ApplicationHandler.java:704)
		at org.glassfish.jersey.servlet.WebComponent.serviceImpl(WebComponent.java:420)
		at org.glassfish.jersey.servlet.WebComponent.service(WebComponent.java:372)
		at org.glassfish.jersey.servlet.ServletContainer.service(ServletContainer.java:358)
		at org.glassfish.jersey.servlet.ServletContainer.service(ServletContainer.java:312)
		at org.glassfish.jersey.servlet.ServletContainer.service(ServletContainer.java:205)
		at org.apache.catalina.core.ApplicationFilterChain.internalDoFilter(ApplicationFilterChain.java:195)
		at org.apache.catalina.core.ApplicationFilterChain.doFilter(ApplicationFilterChain.java:140)
		at org.apache.tomcat.websocket.server.WsFilter.doFilter(WsFilter.java:51)
		at org.apache.catalina.core.ApplicationFilterChain.internalDoFilter(ApplicationFilterChain.java:164)
		at org.apache.catalina.core.ApplicationFilterChain.doFilter(ApplicationFilterChain.java:140)
		at org.apache.catalina.core.StandardWrapperValve.invoke(StandardWrapperValve.java:167)
		at org.apache.catalina.core.StandardContextValve.invoke(StandardContextValve.java:90)
		at org.apache.catalina.authenticator.AuthenticatorBase.invoke(AuthenticatorBase.java:483)
		at org.apache.catalina.core.StandardHostValve.invoke(StandardHostValve.java:115)
		at org.apache.catalina.valves.ErrorReportValve.invoke(ErrorReportValve.java:93)
		at org.apache.catalina.valves.AbstractAccessLogValve.invoke(AbstractAccessLogValve.java:663)
		at org.apache.catalina.core.StandardEngineValve.invoke(StandardEngineValve.java:74)
		at org.apache.catalina.connector.CoyoteAdapter.service(CoyoteAdapter.java:344)
		at org.apache.coyote.http11.Http11Processor.service(Http11Processor.java:384)
		at org.apache.coyote.AbstractProcessorLight.process(AbstractProcessorLight.java:63)
		at org.apache.coyote.AbstractProtocol$ConnectionHandler.process(AbstractProtocol.java:905)
		at org.apache.tomcat.util.net.NioEndpoint$SocketProcessor.doRun(NioEndpoint.java:1741)
		at org.apache.tomcat.util.net.SocketProcessorBase.run(SocketProcessorBase.java:52)
		at org.apache.tomcat.util.threads.ThreadPoolExecutor.runWorker(ThreadPoolExecutor.java:1190)
		at org.apache.tomcat.util.threads.ThreadPoolExecutor$Worker.run(ThreadPoolExecutor.java:659)
		at org.apache.tomcat.util.threads.TaskThread$WrappingRunnable.run(TaskThread.java:63)
		at java.base/java.lang.Thread.run(Thread.java:1570)
04-May-2025 01:24:15.110 SEVERE [Thread-2] org.apache.catalina.core.ApplicationContext.log Servlet [org.example.jaxrs.HelloApplication] threw unload() exception
	jakarta.servlet.ServletException: Servlet.destroy() for servlet [org.example.jaxrs.HelloApplication] threw exception
		at org.apache.catalina.core.StandardWrapper.unload(StandardWrapper.java:968)
		at org.apache.catalina.core.StandardWrapper.stopInternal(StandardWrapper.java:1214)
		at org.apache.catalina.util.LifecycleBase.stop(LifecycleBase.java:231)
		at org.apache.catalina.core.StandardContext.stopInternal(StandardContext.java:4636)
		at org.apache.catalina.util.LifecycleBase.stop(LifecycleBase.java:231)
		at org.apache.catalina.core.ContainerBase$StopChild.call(ContainerBase.java:1219)
		at org.apache.catalina.core.ContainerBase$StopChild.call(ContainerBase.java:1208)
		at java.base/java.util.concurrent.FutureTask.run(FutureTask.java:317)
		at org.apache.tomcat.util.threads.InlineExecutorService.execute(InlineExecutorService.java:75)
		at java.base/java.util.concurrent.AbstractExecutorService.submit(AbstractExecutorService.java:145)
		at org.apache.catalina.core.ContainerBase.stopInternal(ContainerBase.java:814)
		at org.apache.catalina.util.LifecycleBase.stop(LifecycleBase.java:231)
		at org.apache.catalina.core.ContainerBase$StopChild.call(ContainerBase.java:1219)
		at org.apache.catalina.core.ContainerBase$StopChild.call(ContainerBase.java:1208)
		at java.base/java.util.concurrent.FutureTask.run(FutureTask.java:317)
		at org.apache.tomcat.util.threads.InlineExecutorService.execute(InlineExecutorService.java:75)
		at java.base/java.util.concurrent.AbstractExecutorService.submit(AbstractExecutorService.java:145)
		at org.apache.catalina.core.ContainerBase.stopInternal(ContainerBase.java:814)
		at org.apache.catalina.util.LifecycleBase.stop(LifecycleBase.java:231)
		at org.apache.catalina.core.StandardService.stopInternal(StandardService.java:471)
		at org.apache.catalina.util.LifecycleBase.stop(LifecycleBase.java:231)
		at org.apache.catalina.core.StandardServer.stopInternal(StandardServer.java:915)
		at org.apache.catalina.util.LifecycleBase.stop(LifecycleBase.java:231)
		at org.apache.catalina.startup.Catalina.stop(Catalina.java:832)
		at org.apache.catalina.startup.Catalina$CatalinaShutdownHook.run(Catalina.java:969)
	Caused by: java.lang.IllegalStateException: Singleton not set for e01e2528-cd66-49d3-8f42-0b4b39be7ff9 => []
		at org.jboss.weld.bootstrap.api.helpers.RegistrySingletonProvider$RegistrySingleton.get(RegistrySingletonProvider.java:31)
		at org.jboss.weld.Container.instance(Container.java:65)
		at org.jboss.weld.environment.se.WeldContainer.checkDeploymentValidated(WeldContainer.java:380)
		at org.jboss.weld.environment.se.WeldContainer.checkState(WeldContainer.java:375)
		at org.jboss.weld.AbstractCDI.instanceInternal(AbstractCDI.java:173)
		at org.jboss.weld.AbstractCDI.destroy(AbstractCDI.java:114)
		at org.glassfish.jersey.inject.cdi.se.CdiSeInjectionManager.preDestroy(CdiSeInjectionManager.java:251)
		at org.glassfish.jersey.model.internal.ManagedObjectsFinalizer.preDestroy(ManagedObjectsFinalizer.java:70)
		at org.glassfish.jersey.server.ApplicationHandler.onShutdown(ApplicationHandler.java:755)
		at org.glassfish.jersey.servlet.ServletContainer.destroy(ServletContainer.java:333)
		at org.apache.catalina.core.StandardWrapper.unload(StandardWrapper.java:960)
		... 24 more
04-May-2025 01:25:39.818 SEVERE [Thread-2] org.apache.catalina.core.ApplicationContext.log Servlet [org.example.jaxrs.HelloApplication] threw unload() exception
	jakarta.servlet.ServletException: Servlet.destroy() for servlet [org.example.jaxrs.HelloApplication] threw exception
		at org.apache.catalina.core.StandardWrapper.unload(StandardWrapper.java:968)
		at org.apache.catalina.core.StandardWrapper.stopInternal(StandardWrapper.java:1214)
		at org.apache.catalina.util.LifecycleBase.stop(LifecycleBase.java:231)
		at org.apache.catalina.core.StandardContext.stopInternal(StandardContext.java:4636)
		at org.apache.catalina.util.LifecycleBase.stop(LifecycleBase.java:231)
		at org.apache.catalina.core.ContainerBase$StopChild.call(ContainerBase.java:1219)
		at org.apache.catalina.core.ContainerBase$StopChild.call(ContainerBase.java:1208)
		at java.base/java.util.concurrent.FutureTask.run(FutureTask.java:317)
		at org.apache.tomcat.util.threads.InlineExecutorService.execute(InlineExecutorService.java:75)
		at java.base/java.util.concurrent.AbstractExecutorService.submit(AbstractExecutorService.java:145)
		at org.apache.catalina.core.ContainerBase.stopInternal(ContainerBase.java:814)
		at org.apache.catalina.util.LifecycleBase.stop(LifecycleBase.java:231)
		at org.apache.catalina.core.ContainerBase$StopChild.call(ContainerBase.java:1219)
		at org.apache.catalina.core.ContainerBase$StopChild.call(ContainerBase.java:1208)
		at java.base/java.util.concurrent.FutureTask.run(FutureTask.java:317)
		at org.apache.tomcat.util.threads.InlineExecutorService.execute(InlineExecutorService.java:75)
		at java.base/java.util.concurrent.AbstractExecutorService.submit(AbstractExecutorService.java:145)
		at org.apache.catalina.core.ContainerBase.stopInternal(ContainerBase.java:814)
		at org.apache.catalina.util.LifecycleBase.stop(LifecycleBase.java:231)
		at org.apache.catalina.core.StandardService.stopInternal(StandardService.java:471)
		at org.apache.catalina.util.LifecycleBase.stop(LifecycleBase.java:231)
		at org.apache.catalina.core.StandardServer.stopInternal(StandardServer.java:915)
		at org.apache.catalina.util.LifecycleBase.stop(LifecycleBase.java:231)
		at org.apache.catalina.startup.Catalina.stop(Catalina.java:832)
		at org.apache.catalina.startup.Catalina$CatalinaShutdownHook.run(Catalina.java:969)
	Caused by: java.lang.IllegalStateException: Singleton not set for 367501d0-0da3-4c74-bed5-bf0b40866760 => []
		at org.jboss.weld.bootstrap.api.helpers.RegistrySingletonProvider$RegistrySingleton.get(RegistrySingletonProvider.java:31)
		at org.jboss.weld.Container.instance(Container.java:65)
		at org.jboss.weld.environment.se.WeldContainer.checkDeploymentValidated(WeldContainer.java:380)
		at org.jboss.weld.environment.se.WeldContainer.checkState(WeldContainer.java:375)
		at org.jboss.weld.AbstractCDI.instanceInternal(AbstractCDI.java:173)
		at org.jboss.weld.AbstractCDI.destroy(AbstractCDI.java:114)
		at org.glassfish.jersey.inject.cdi.se.CdiSeInjectionManager.preDestroy(CdiSeInjectionManager.java:251)
		at org.glassfish.jersey.model.internal.ManagedObjectsFinalizer.preDestroy(ManagedObjectsFinalizer.java:70)
		at org.glassfish.jersey.server.ApplicationHandler.onShutdown(ApplicationHandler.java:755)
		at org.glassfish.jersey.servlet.ServletContainer.destroy(ServletContainer.java:333)
		at org.apache.catalina.core.StandardWrapper.unload(StandardWrapper.java:960)
		... 24 more
